Copyright 1986-2022 Xilinx, Inc. All Rights Reserved.
------------------------------------------------------------------------------------
| Tool Version : Vivado v.2022.2 (win64) Build 3671981 Fri Oct 14 05:00:03 MDT 2022
| Date         : Tue Mar 17 01:01:12 2026
| Host         : LAPTOP-CH0R4GF2 running 64-bit major release  (build 9200)
| Command      : upgrade_ip
| Device       : xczu48dr-ffvg1517-2-e
------------------------------------------------------------------------------------

Upgrade Log for IP 'design_1_rst_ps8_0_96M_1'

1. Summary
----------

SUCCESS in the conversion of design_1_rst_ps8_0_96M_1 (xilinx.com:ip:proc_sys_reset:5.0 (Rev. 13)) to Vivado generation flows.






Copyright 1986-2022 Xilinx, Inc. All Rights Reserved.
------------------------------------------------------------------------------------
| Tool Version : Vivado v.2022.2 (win64) Build 3671981 Fri Oct 14 05:00:03 MDT 2022
| Date         : Tue Mar 17 01:01:12 2026
| Host         : LAPTOP-CH0R4GF2 running 64-bit major release  (build 9200)
| Command      : upgrade_ip
| Device       : xczu48dr-ffvg1517-2-e
------------------------------------------------------------------------------------

Upgrade Log for IP 'design_1_axi_gpio_0_9'

1. Summary
----------

SUCCESS in the conversion of design_1_axi_gpio_0_9 (xilinx.com:ip:axi_gpio:2.0 (Rev. 29)) to Vivado generation flows.






Copyright 1986-2022 Xilinx, Inc. All Rights Reserved.
------------------------------------------------------------------------------------
| Tool Version : Vivado v.2022.2 (win64) Build 3671981 Fri Oct 14 05:00:03 MDT 2022
| Date         : Tue Mar 17 01:01:12 2026
| Host         : LAPTOP-CH0R4GF2 running 64-bit major release  (build 9200)
| Command      : upgrade_ip
| Device       : xczu48dr-ffvg1517-2-e
------------------------------------------------------------------------------------

Upgrade Log for IP 'design_1_axi_gpio_0_8'

1. Summary
----------

SUCCESS in the conversion of design_1_axi_gpio_0_8 (xilinx.com:ip:axi_gpio:2.0 (Rev. 29)) to Vivado generation flows.






Copyright 1986-2022 Xilinx, Inc. All Rights Reserved.
------------------------------------------------------------------------------------
| Tool Version : Vivado v.2022.2 (win64) Build 3671981 Fri Oct 14 05:00:03 MDT 2022
| Date         : Tue Mar 17 01:01:12 2026
| Host         : LAPTOP-CH0R4GF2 running 64-bit major release  (build 9200)
| Command      : upgrade_ip
| Device       : xczu48dr-ffvg1517-2-e
------------------------------------------------------------------------------------

Upgrade Log for IP 'design_1_axi_gpio_0_7'

1. Summary
----------

SUCCESS in the conversion of design_1_axi_gpio_0_7 (xilinx.com:ip:axi_gpio:2.0 (Rev. 29)) to Vivado generation flows.






Copyright 1986-2022 Xilinx, Inc. All Rights Reserved.
------------------------------------------------------------------------------------
| Tool Version : Vivado v.2022.2 (win64) Build 3671981 Fri Oct 14 05:00:03 MDT 2022
| Date         : Tue Mar 17 01:01:12 2026
| Host         : LAPTOP-CH0R4GF2 running 64-bit major release  (build 9200)
| Command      : upgrade_ip
| Device       : xczu48dr-ffvg1517-2-e
------------------------------------------------------------------------------------

Upgrade Log for IP 'design_1_axi_gpio_0_6'

1. Summary
----------

SUCCESS in the conversion of design_1_axi_gpio_0_6 (xilinx.com:ip:axi_gpio:2.0 (Rev. 29)) to Vivado generation flows.






Copyright 1986-2022 Xilinx, Inc. All Rights Reserved.
------------------------------------------------------------------------------------
| Tool Version : Vivado v.2022.2 (win64) Build 3671981 Fri Oct 14 05:00:03 MDT 2022
| Date         : Tue Mar 17 01:01:12 2026
| Host         : LAPTOP-CH0R4GF2 running 64-bit major release  (build 9200)
| Command      : upgrade_ip
| Device       : xczu48dr-ffvg1517-2-e
------------------------------------------------------------------------------------

Upgrade Log for IP 'design_1_axi_gpio_0_5'

1. Summary
----------

SUCCESS in the conversion of design_1_axi_gpio_0_5 (xilinx.com:ip:axi_gpio:2.0 (Rev. 29)) to Vivado generation flows.






Copyright 1986-2022 Xilinx, Inc. All Rights Reserved.
------------------------------------------------------------------------------------
| Tool Version : Vivado v.2022.2 (win64) Build 3671981 Fri Oct 14 05:00:03 MDT 2022
| Date         : Tue Mar 17 01:01:12 2026
| Host         : LAPTOP-CH0R4GF2 running 64-bit major release  (build 9200)
| Command      : upgrade_ip
| Device       : xczu48dr-ffvg1517-2-e
------------------------------------------------------------------------------------

Upgrade Log for IP 'design_1_axi_gpio_0_4'

1. Summary
----------

SUCCESS in the conversion of design_1_axi_gpio_0_4 (xilinx.com:ip:axi_gpio:2.0 (Rev. 29)) to Vivado generation flows.






Copyright 1986-2022 Xilinx, Inc. All Rights Reserved.
------------------------------------------------------------------------------------
| Tool Version : Vivado v.2022.2 (win64) Build 3671981 Fri Oct 14 05:00:03 MDT 2022
| Date         : Tue Mar 17 01:01:12 2026
| Host         : LAPTOP-CH0R4GF2 running 64-bit major release  (build 9200)
| Command      : upgrade_ip
| Device       : xczu48dr-ffvg1517-2-e
------------------------------------------------------------------------------------

Upgrade Log for IP 'design_1_axi_gpio_0_3'

1. Summary
----------

SUCCESS in the conversion of design_1_axi_gpio_0_3 (xilinx.com:ip:axi_gpio:2.0 (Rev. 29)) to Vivado generation flows.






Copyright 1986-2022 Xilinx, Inc. All Rights Reserved.
------------------------------------------------------------------------------------
| Tool Version : Vivado v.2022.2 (win64) Build 3671981 Fri Oct 14 05:00:03 MDT 2022
| Date         : Tue Mar 17 01:01:12 2026
| Host         : LAPTOP-CH0R4GF2 running 64-bit major release  (build 9200)
| Command      : upgrade_ip
| Device       : xczu48dr-ffvg1517-2-e
------------------------------------------------------------------------------------

Upgrade Log for IP 'design_1_axi_gpio_0_2'

1. Summary
----------

SUCCESS in the conversion of design_1_axi_gpio_0_2 (xilinx.com:ip:axi_gpio:2.0 (Rev. 29)) to Vivado generation flows.






Copyright 1986-2022 Xilinx, Inc. All Rights Reserved.
------------------------------------------------------------------------------------
| Tool Version : Vivado v.2022.2 (win64) Build 3671981 Fri Oct 14 05:00:03 MDT 2022
| Date         : Tue Mar 17 01:01:12 2026
| Host         : LAPTOP-CH0R4GF2 running 64-bit major release  (build 9200)
| Command      : upgrade_ip
| Device       : xczu48dr-ffvg1517-2-e
------------------------------------------------------------------------------------

Upgrade Log for IP 'design_1_axi_gpio_0_1'

1. Summary
----------

SUCCESS in the conversion of design_1_axi_gpio_0_1 (xilinx.com:ip:axi_gpio:2.0 (Rev. 29)) to Vivado generation flows.






Copyright 1986-2022 Xilinx, Inc. All Rights Reserved.
------------------------------------------------------------------------------------
| Tool Version : Vivado v.2022.2 (win64) Build 3671981 Fri Oct 14 05:00:03 MDT 2022
| Date         : Tue Mar 17 01:01:12 2026
| Host         : LAPTOP-CH0R4GF2 running 64-bit major release  (build 9200)
| Command      : upgrade_ip
| Device       : xczu48dr-ffvg1517-2-e
------------------------------------------------------------------------------------

Upgrade Log for IP 'design_1_axi_gpio_0_0'

1. Summary
----------

SUCCESS in the conversion of design_1_axi_gpio_0_0 (xilinx.com:ip:axi_gpio:2.0 (Rev. 29)) to Vivado generation flows.

