Copyright 1986-2022 Xilinx, Inc. All Rights Reserved.
-------------------------------------------------------------------------------------------------------------------------------------
| Tool Version : Vivado v.2022.2 (win64) Build 3671981 Fri Oct 14 05:00:03 MDT 2022
| Date         : Tue Mar 17 03:03:45 2026
| Host         : LAPTOP-CH0R4GF2 running 64-bit major release  (build 9200)
| Command      : report_utilization -file top_ps_aurora_wrapper_utilization_synth.rpt -pb top_ps_aurora_wrapper_utilization_synth.pb
| Design       : top_ps_aurora_wrapper
| Device       : xczu48dr-ffvg1517-2-e
| Speed File   : -2
| Design State : Synthesized
-------------------------------------------------------------------------------------------------------------------------------------

Utilization Design Information

Table of Contents
-----------------
1. CLB Logic
1.1 Summary of Registers by Type
2. BLOCKRAM
3. ARITHMETIC
4. I/O
5. CLOCK
6. ADVANCED
7. CONFIGURATION
8. Primitives
9. Black Boxes
10. Instantiated Netlists

1. CLB Logic
------------

+----------------------------+------+-------+------------+-----------+-------+
|          Site Type         | Used | Fixed | Prohibited | Available | Util% |
+----------------------------+------+-------+------------+-----------+-------+
| CLB LUTs*                  |  551 |     0 |          0 |    425280 |  0.13 |
|   LUT as Logic             |  398 |     0 |          0 |    425280 |  0.09 |
|   LUT as Memory            |  153 |     0 |          0 |    213600 |  0.07 |
|     LUT as Distributed RAM |  148 |     0 |            |           |       |
|     LUT as Shift Register  |    5 |     0 |            |           |       |
| CLB Registers              | 2086 |     0 |          0 |    850560 |  0.25 |
|   Register as Flip Flop    | 2086 |     0 |          0 |    850560 |  0.25 |
|   Register as Latch        |    0 |     0 |          0 |    850560 |  0.00 |
| CARRY8                     |   15 |     0 |          0 |     53160 |  0.03 |
| F7 Muxes                   |    0 |     0 |          0 |    212640 |  0.00 |
| F8 Muxes                   |    0 |     0 |          0 |    106320 |  0.00 |
| F9 Muxes                   |    0 |     0 |          0 |     53160 |  0.00 |
+----------------------------+------+-------+------------+-----------+-------+
* Warning! The Final LUT count, after physical optimizations and full implementation, is typically lower. Run opt_design after synthesis, if not already completed, for a more realistic count.
Warning! LUT value is adjusted to account for LUT combining.


1.1 Summary of Registers by Type
--------------------------------

+-------+--------------+-------------+--------------+
| Total | Clock Enable | Synchronous | Asynchronous |
+-------+--------------+-------------+--------------+
| 0     |            _ |           - |            - |
| 0     |            _ |           - |          Set |
| 0     |            _ |           - |        Reset |
| 0     |            _ |         Set |            - |
| 0     |            _ |       Reset |            - |
| 0     |          Yes |           - |            - |
| 0     |          Yes |           - |          Set |
| 3     |          Yes |           - |        Reset |
| 180   |          Yes |         Set |            - |
| 1903  |          Yes |       Reset |            - |
+-------+--------------+-------------+--------------+


2. BLOCKRAM
-----------

+----------------+------+-------+------------+-----------+-------+
|    Site Type   | Used | Fixed | Prohibited | Available | Util% |
+----------------+------+-------+------------+-----------+-------+
| Block RAM Tile |    0 |     0 |          0 |      1080 |  0.00 |
|   RAMB36/FIFO* |    0 |     0 |          0 |      1080 |  0.00 |
|   RAMB18       |    0 |     0 |          0 |      2160 |  0.00 |
| URAM           |    0 |     0 |          0 |        80 |  0.00 |
+----------------+------+-------+------------+-----------+-------+
* Note: Each Block RAM Tile only has one FIFO logic available and therefore can accommodate only one FIFO36E2 or one FIFO18E2. However, if a FIFO18E2 occupies a Block RAM Tile, that tile can still accommodate a RAMB18E2


3. ARITHMETIC
-------------

+-----------+------+-------+------------+-----------+-------+
| Site Type | Used | Fixed | Prohibited | Available | Util% |
+-----------+------+-------+------------+-----------+-------+
| DSPs      |    0 |     0 |          0 |      4272 |  0.00 |
+-----------+------+-------+------------+-----------+-------+


4. I/O
------

+------------+------+-------+------------+-----------+-------+
|  Site Type | Used | Fixed | Prohibited | Available | Util% |
+------------+------+-------+------------+-----------+-------+
| Bonded IOB |    2 |     0 |          0 |       347 |  0.58 |
| RF_ADC     |    0 |     0 |          4 |         4 |  0.00 |
| RF_DAC     |    0 |     0 |          4 |         4 |  0.00 |
+------------+------+-------+------------+-----------+-------+


5. CLOCK
--------

+----------------------+------+-------+------------+-----------+-------+
|       Site Type      | Used | Fixed | Prohibited | Available | Util% |
+----------------------+------+-------+------------+-----------+-------+
| GLOBAL CLOCK BUFFERs |    2 |     0 |          0 |       696 |  0.29 |
|   BUFGCE             |    1 |     0 |          0 |       216 |  0.46 |
|   BUFGCE_DIV         |    0 |     0 |          0 |        32 |  0.00 |
|   BUFG_GT            |    1 |     0 |          0 |       312 |  0.32 |
|   BUFG_PS            |    0 |     0 |          0 |        72 |  0.00 |
|   BUFGCTRL*          |    0 |     0 |          0 |        64 |  0.00 |
| PLL                  |    0 |     0 |          0 |        16 |  0.00 |
| MMCM                 |    0 |     0 |          0 |         8 |  0.00 |
+----------------------+------+-------+------------+-----------+-------+
* Note: Each used BUFGCTRL counts as two GLOBAL CLOCK BUFFERs. This table does not include global clocking resources, only buffer cell usage. See the Clock Utilization Report (report_clock_utilization) for detailed accounting of global clocking resource availability.


6. ADVANCED
-----------

+-----------------+------+-------+------------+-----------+-------+
|    Site Type    | Used | Fixed | Prohibited | Available | Util% |
+-----------------+------+-------+------------+-----------+-------+
| CMACE4          |    0 |     0 |          0 |         2 |  0.00 |
| FE              |    0 |     0 |          0 |         8 |  0.00 |
| GTYE4_CHANNEL   |    0 |     0 |          0 |        16 |  0.00 |
| GTYE4_COMMON    |    1 |     0 |          0 |         4 | 25.00 |
| ILKNE4          |    0 |     0 |          0 |         1 |  0.00 |
| OBUFDS_GTE4     |    0 |     0 |          0 |         8 |  0.00 |
| OBUFDS_GTE4_ADV |    0 |     0 |          0 |         8 |  0.00 |
| PCIE4CE4        |    0 |     0 |          0 |         2 |  0.00 |
| PS8             |    0 |     0 |          0 |         1 |  0.00 |
| RFADC           |    0 |     0 |          0 |         4 |  0.00 |
| RFDAC           |    0 |     0 |          0 |         4 |  0.00 |
| SYSMONE4        |    0 |     0 |          0 |         1 |  0.00 |
+-----------------+------+-------+------------+-----------+-------+


7. CONFIGURATION
----------------

+-------------+------+-------+------------+-----------+-------+
|  Site Type  | Used | Fixed | Prohibited | Available | Util% |
+-------------+------+-------+------------+-----------+-------+
| BSCANE2     |    0 |     0 |          0 |         4 |  0.00 |
| DNA_PORTE2  |    0 |     0 |          0 |         1 |  0.00 |
| EFUSE_USR   |    0 |     0 |          0 |         1 |  0.00 |
| FRAME_ECCE4 |    0 |     0 |          0 |         1 |  0.00 |
| ICAPE3      |    0 |     0 |          0 |         2 |  0.00 |
| MASTER_JTAG |    0 |     0 |          0 |         1 |  0.00 |
| STARTUPE3   |    0 |     0 |          0 |         1 |  0.00 |
+-------------+------+-------+------------+-----------+-------+


8. Primitives
-------------

+--------------+------+---------------------+
|   Ref Name   | Used | Functional Category |
+--------------+------+---------------------+
| FDRE         | 1903 |            Register |
| LUT2         |  300 |                 CLB |
| RAMD32       |  258 |                 CLB |
| FDSE         |  180 |            Register |
| LUT6         |  118 |                 CLB |
| LUT3         |   54 |                 CLB |
| LUT4         |   42 |                 CLB |
| RAMS32       |   38 |                 CLB |
| LUT5         |   26 |                 CLB |
| CARRY8       |   15 |                 CLB |
| LUT1         |   14 |                 CLB |
| SRLC32E      |    5 |                 CLB |
| FDCE         |    3 |            Register |
| IBUFDS_GTE4  |    1 |                 I/O |
| IBUFCTRL     |    1 |              Others |
| GTYE4_COMMON |    1 |            Advanced |
| DIFFINBUF    |    1 |                 I/O |
| BUFG_GT      |    1 |               Clock |
| BUFGCE       |    1 |               Clock |
+--------------+------+---------------------+


9. Black Boxes
--------------

+------------------------------+------+
|           Ref Name           | Used |
+------------------------------+------+
| ila_0                        |    1 |
| design_1_zynq_ultra_ps_e_0_0 |    1 |
| design_1_xbar_0              |    1 |
| design_1_rst_ps8_0_96M_1     |    1 |
| design_1_axi_gpio_0_9        |    1 |
| design_1_axi_gpio_0_8        |    1 |
| design_1_axi_gpio_0_7        |    1 |
| design_1_axi_gpio_0_6        |    1 |
| design_1_axi_gpio_0_5        |    1 |
| design_1_axi_gpio_0_4        |    1 |
| design_1_axi_gpio_0_3        |    1 |
| design_1_axi_gpio_0_2        |    1 |
| design_1_axi_gpio_0_1        |    1 |
| design_1_axi_gpio_0_0        |    1 |
| design_1_auto_pc_0           |    1 |
| design_1_auto_ds_0           |    1 |
| aurora_64b66b_0              |    1 |
+------------------------------+------+


10. Instantiated Netlists
-------------------------

+----------+------+
| Ref Name | Used |
+----------+------+


