Vivado Simulator v2022.2
Copyright 1986-1999, 2001-2022 Xilinx, Inc. All Rights Reserved.
Running: C:/Xilinx/Vivado/2022.2/bin/unwrapped/win64.o/xelab.exe --incr --debug typical --relax --mt 2 -L xil_defaultlib -L gtwizard_ultrascale_v1_7_14 -L fifo_generator_v13_2_7 -L unisims_ver -L unimacro_ver -L secureip -L xpm --snapshot aurora_64b66b_0_TB_behav xil_defaultlib.aurora_64b66b_0_TB xil_defaultlib.glbl -log elaborate.log 
Using 2 slave threads.
Starting static elaboration
Pass Through NonSizing Optimizer
Completed static elaboration
Starting simulation data flow analysis
Completed simulation data flow analysis
Time Resolution for simulation is 1fs
Compiling package std.standard
Compiling package std.textio
Compiling package ieee.std_logic_1164
Compiling package ieee.std_logic_arith
Compiling package ieee.std_logic_unsigned
Compiling package synopsys.attributes
Compiling package ieee.std_logic_misc
Compiling package fifo_generator_v13_2_7.fifo_generator_v13_2_7_pkg
Compiling package xpm.vcomponents
Compiling package ieee.numeric_std
Compiling package unisim.vcomponents
Compiling package ieee.vital_timing
Compiling package ieee.vital_primitives
Compiling package unisim.vpkg
Compiling module unisims_ver.IBUFDS
Compiling module unisims_ver.BUFG
Compiling module xil_defaultlib.aurora_64b66b_0_rst_sync_exdes_d...
Compiling module unisims_ver.GTYE4_COMMON(BIAS_CFG2=16'b01010...
Compiling module xil_defaultlib.gtwizard_ultrascale_v1_7_14_gtye...
Compiling module xil_defaultlib.aurora_64b66b_0_gt_gtye4_common_...
Compiling module xil_defaultlib.aurora_64b66b_0_gt_common_wrappe...
Compiling module unisims_ver.IBUFDS_GTE4
Compiling module unisims_ver.BUFG_GT
Compiling module xil_defaultlib.aurora_64b66b_0_ultrascale_tx_us...
Compiling module xil_defaultlib.aurora_64b66b_0_CLOCK_MODULE
Compiling module xil_defaultlib.aurora_64b66b_0_rst_sync_shared(...
Compiling module xil_defaultlib.aurora_64b66b_0_SUPPORT_RESET_LO...
Compiling module xil_defaultlib.aurora_64b66b_0_rst_sync_default
Compiling module xil_defaultlib.aurora_64b66b_0_RESET_LOGIC
Compiling module unisims_ver.SRLC32E_default
Compiling module unisims_ver.FDRE_default
Compiling module unisims_ver.FDR
Compiling module xil_defaultlib.aurora_64b66b_0_cdc_sync(c_mtbf_...
Compiling module xil_defaultlib.aurora_64b66b_0_LANE_INIT_SM
Compiling module xil_defaultlib.aurora_64b66b_0_SYM_GEN
Compiling module xil_defaultlib.aurora_64b66b_0_SYM_DEC
Compiling module xil_defaultlib.aurora_64b66b_0_ERR_DETECT
Compiling module xil_defaultlib.aurora_64b66b_0_AURORA_LANE
Compiling module xil_defaultlib.aurora_64b66b_0_cdc_sync_default
Compiling module xil_defaultlib.aurora_64b66b_0_cdc_sync(c_flop_...
Compiling module xil_defaultlib.aurora_64b66b_0_rst_sync(c_mtbf_...
Compiling module xil_defaultlib.aurora_64b66b_0_ultrascale_rx_us...
Compiling module unisims_ver.GTYE4_CHANNEL(ADAPT_CFG0=16'b0,A...
Compiling module xil_defaultlib.gtwizard_ultrascale_v1_7_14_gtye...
Compiling module xil_defaultlib.aurora_64b66b_0_gt_gtye4_channel...
Compiling module gtwizard_ultrascale_v1_7_14.gtwizard_ultrascale_v1_7_14_gtye...
Compiling module gtwizard_ultrascale_v1_7_14.gtwizard_ultrascale_v1_7_14_bit_...
Compiling module gtwizard_ultrascale_v1_7_14.gtwizard_ultrascale_v1_7_14_rese...
Compiling module gtwizard_ultrascale_v1_7_14.gtwizard_ultrascale_v1_7_14_rese...
Compiling module gtwizard_ultrascale_v1_7_14.gtwizard_ultrascale_v1_7_14_gtwi...
Compiling module gtwizard_ultrascale_v1_7_14.gtwizard_ultrascale_v1_7_14_gtwi...
Compiling module gtwizard_ultrascale_v1_7_14.gtwizard_ultrascale_v1_7_14_gtwi...
Compiling module xil_defaultlib.aurora_64b66b_0_gt_gtwizard_gtye...
Compiling module xil_defaultlib.aurora_64b66b_0_gt_gtwizard_top(...
Compiling module xil_defaultlib.aurora_64b66b_0_gt
Compiling module xil_defaultlib.aurora_64b66b_0_MULTI_GT
Compiling module xil_defaultlib.aurora_64b66b_0_rst_sync(c_mtbf_...
Compiling module xil_defaultlib.aurora_64b66b_0_rst_sync(c_mtbf_...
Compiling module xil_defaultlib.aurora_64b66b_0_rst_sync(c_mtbf_...
Compiling module xil_defaultlib.aurora_64b66b_0_rst_sync(c_mtbf_...
Compiling module xil_defaultlib.aurora_64b66b_0_common_reset_cbc...
Compiling module xil_defaultlib.aurora_64b66b_0_common_logic_cbc...
Compiling module xil_defaultlib.aurora_64b66b_0_SCRAMBLER_64B66B
Compiling module xil_defaultlib.aurora_64b66b_0_cdc_sync(c_mtbf_...
Compiling module xil_defaultlib.aurora_64b66b_0_DESCRAMBLER_64B6...
Compiling module xil_defaultlib.aurora_64b66b_0_BLOCK_SYNC_SM(SH...
Compiling architecture fifo36e2_v of entity unisim.FIFO36E2 [\FIFO36E2(prog_empty_thresh=6,pr...]
Compiling architecture xilinx of entity fifo_generator_v13_2_7.builtin_prim [\builtin_prim(c_din_width=72,c_d...]
Compiling architecture xilinx of entity fifo_generator_v13_2_7.builtin_extdepth [\builtin_extdepth(c_family="8SER...]
Compiling architecture xilinx of entity fifo_generator_v13_2_7.builtin_top [\builtin_top(c_family="8SERIES",...]
Compiling architecture xilinx of entity fifo_generator_v13_2_7.input_blk [\input_blk(c_common_clock=0,c_di...]
Compiling architecture xilinx of entity fifo_generator_v13_2_7.output_blk [\output_blk(c_dout_width=72,c_pk...]
Compiling architecture xilinx of entity fifo_generator_v13_2_7.fifo_generator_v13_2_7_builtin [\fifo_generator_v13_2_7_builtin(...]
Compiling architecture xilinx of entity fifo_generator_v13_2_7.fifo_generator_top [\fifo_generator_top(c_family="vi...]
Compiling architecture xilinx of entity fifo_generator_v13_2_7.fifo_generator_v13_2_7_synth [\fifo_generator_v13_2_7_synth(c_...]
Compiling module xil_defaultlib.aurora_64b66b_0_fifo_gen_slave
Compiling module xil_defaultlib.aurora_64b66b_0_CH_BOND_SLAVE
Compiling module xil_defaultlib.aurora_64b66b_0_CLOCK_CORRECTION...
Compiling architecture fifo36e2_v of entity unisim.FIFO36E2 [\FIFO36E2(prog_empty_thresh=12,p...]
Compiling architecture xilinx of entity fifo_generator_v13_2_7.builtin_prim [\builtin_prim(c_din_width=72,c_d...]
Compiling architecture xilinx of entity fifo_generator_v13_2_7.builtin_extdepth [\builtin_extdepth(c_family="8SER...]
Compiling architecture xilinx of entity fifo_generator_v13_2_7.builtin_top [\builtin_top(c_family="8SERIES",...]
Compiling architecture xilinx of entity fifo_generator_v13_2_7.fifo_generator_v13_2_7_builtin [\fifo_generator_v13_2_7_builtin(...]
Compiling architecture xilinx of entity fifo_generator_v13_2_7.fifo_generator_top [\fifo_generator_top(c_family="vi...]
Compiling architecture xilinx of entity fifo_generator_v13_2_7.fifo_generator_v13_2_7_synth [\fifo_generator_v13_2_7_synth(c_...]
Compiling module xil_defaultlib.aurora_64b66b_0_fifo_gen_master
Compiling module xil_defaultlib.aurora_64b66b_0_CH_BOND_MASTER
Compiling module xil_defaultlib.aurora_64b66b_0_CLOCK_CORRECTION...
Compiling module xil_defaultlib.aurora_64b66b_0_WRAPPER(EXAMPLE_...
Compiling module unisims_ver.FD(INIT=1'b1)
Compiling module unisims_ver.FD
Compiling module xil_defaultlib.aurora_64b66b_0_CHANNEL_INIT_SM
Compiling module xil_defaultlib.aurora_64b66b_0_CHANNEL_BOND_GEN
Compiling module xil_defaultlib.aurora_64b66b_0_CHANNEL_ERR_DETE...
Compiling module xil_defaultlib.aurora_64b66b_0_GLOBAL_LOGIC
Compiling module xil_defaultlib.aurora_64b66b_0_TX_LL_DATAPATH
Compiling module unisims_ver.FDR_2
Compiling module xil_defaultlib.aurora_64b66b_0_TX_LL_CONTROL_SM...
Compiling module xil_defaultlib.aurora_64b66b_0_TX_LL
Compiling module xil_defaultlib.aurora_64b66b_0_RX_LL_DATAPATH
Compiling module xil_defaultlib.aurora_64b66b_0_RX_LL
Compiling module xil_defaultlib.aurora_64b66b_0_STANDARD_CC_MODU...
Compiling module xil_defaultlib.aurora_64b66b_0_core
Compiling module xil_defaultlib.aurora_64b66b_0
Compiling module xil_defaultlib.aurora_64b66b_0_support
Compiling module xil_defaultlib.aurora_64b66b_0_FRAME_GEN(DATA_W...
Compiling module xil_defaultlib.aurora_64b66b_0_FRAME_CHECK(DATA...
Compiling module xil_defaultlib.aurora_64b66b_0_exdes_default
Compiling module xil_defaultlib.aurora_64b66b_0_TB
Compiling module xil_defaultlib.glbl
Built simulation snapshot aurora_64b66b_0_TB_behav
