Copyright 1986-2022 Xilinx, Inc. All Rights Reserved.
---------------------------------------------------------------------------------------------------------------------------------------
| Tool Version : Vivado v.2022.2 (win64) Build 3671981 Fri Oct 14 05:00:03 MDT 2022
| Date         : Tue Mar 17 03:07:48 2026
| Host         : LAPTOP-CH0R4GF2 running 64-bit major release  (build 9200)
| Command      : report_utilization -file top_ps_aurora_wrapper_utilization_placed.rpt -pb top_ps_aurora_wrapper_utilization_placed.pb
| Design       : top_ps_aurora_wrapper
| Device       : xczu48dr-ffvg1517-2-e
| Speed File   : -2
| Design State : Fully Placed
---------------------------------------------------------------------------------------------------------------------------------------

Utilization Design Information

Table of Contents
-----------------
1. CLB Logic
1.1 Summary of Registers by Type
2. CLB Logic Distribution
3. BLOCKRAM
4. ARITHMETIC
5. I/O
6. CLOCK
7. ADVANCED
8. CONFIGURATION
9. Primitives
10. Black Boxes
11. Instantiated Netlists

1. CLB Logic
------------

+----------------------------+-------+-------+------------+-----------+-------+
|          Site Type         |  Used | Fixed | Prohibited | Available | Util% |
+----------------------------+-------+-------+------------+-----------+-------+
| CLB LUTs                   |  6569 |     0 |          0 |    425280 |  1.54 |
|   LUT as Logic             |  5612 |     0 |          0 |    425280 |  1.32 |
|   LUT as Memory            |   957 |     0 |          0 |    213600 |  0.45 |
|     LUT as Distributed RAM |   212 |     0 |            |           |       |
|     LUT as Shift Register  |   745 |     0 |            |           |       |
| CLB Registers              | 15970 |     0 |          0 |    850560 |  1.88 |
|   Register as Flip Flop    | 15970 |     0 |          0 |    850560 |  1.88 |
|   Register as Latch        |     0 |     0 |          0 |    850560 |  0.00 |
| CARRY8                     |   109 |     0 |          0 |     53160 |  0.21 |
| F7 Muxes                   |    70 |     0 |          0 |    212640 |  0.03 |
| F8 Muxes                   |    32 |     0 |          0 |    106320 |  0.03 |
| F9 Muxes                   |     0 |     0 |          0 |     53160 |  0.00 |
+----------------------------+-------+-------+------------+-----------+-------+
* Warning! LUT value is adjusted to account for LUT combining.


1.1 Summary of Registers by Type
--------------------------------

+-------+--------------+-------------+--------------+
| Total | Clock Enable | Synchronous | Asynchronous |
+-------+--------------+-------------+--------------+
| 0     |            _ |           - |            - |
| 0     |            _ |           - |          Set |
| 0     |            _ |           - |        Reset |
| 0     |            _ |         Set |            - |
| 0     |            _ |       Reset |            - |
| 0     |          Yes |           - |            - |
| 116   |          Yes |           - |          Set |
| 354   |          Yes |           - |        Reset |
| 424   |          Yes |         Set |            - |
| 15076 |          Yes |       Reset |            - |
+-------+--------------+-------------+--------------+


2. CLB Logic Distribution
-------------------------

+--------------------------------------------+-------+-------+------------+-----------+-------+
|                  Site Type                 |  Used | Fixed | Prohibited | Available | Util% |
+--------------------------------------------+-------+-------+------------+-----------+-------+
| CLB                                        |  1902 |     0 |          0 |     53160 |  3.58 |
|   CLBL                                     |  1103 |     0 |            |           |       |
|   CLBM                                     |   799 |     0 |            |           |       |
| LUT as Logic                               |  5612 |     0 |          0 |    425280 |  1.32 |
|   using O5 output only                     |   199 |       |            |           |       |
|   using O6 output only                     |  3870 |       |            |           |       |
|   using O5 and O6                          |  1543 |       |            |           |       |
| LUT as Memory                              |   957 |     0 |          0 |    213600 |  0.45 |
|   LUT as Distributed RAM                   |   212 |     0 |            |           |       |
|     using O5 output only                   |     0 |       |            |           |       |
|     using O6 output only                   |     4 |       |            |           |       |
|     using O5 and O6                        |   208 |       |            |           |       |
|   LUT as Shift Register                    |   745 |     0 |            |           |       |
|     using O5 output only                   |     0 |       |            |           |       |
|     using O6 output only                   |   141 |       |            |           |       |
|     using O5 and O6                        |   604 |       |            |           |       |
| CLB Registers                              | 15970 |     0 |          0 |    850560 |  1.88 |
|   Register driven from within the CLB      |  5544 |       |            |           |       |
|   Register driven from outside the CLB     | 10426 |       |            |           |       |
|     LUT in front of the register is unused |  8597 |       |            |           |       |
|     LUT in front of the register is used   |  1829 |       |            |           |       |
| Unique Control Sets                        |   538 |       |          0 |    106320 |  0.51 |
+--------------------------------------------+-------+-------+------------+-----------+-------+
* * Note: Available Control Sets calculated as Slices * 2, Review the Control Sets Report for more information regarding control sets.


3. BLOCKRAM
-----------

+-------------------+------+-------+------------+-----------+-------+
|     Site Type     | Used | Fixed | Prohibited | Available | Util% |
+-------------------+------+-------+------------+-----------+-------+
| Block RAM Tile    | 19.5 |     0 |          0 |      1080 |  1.81 |
|   RAMB36/FIFO*    |   19 |     0 |          0 |      1080 |  1.76 |
|     FIFO36E2 only |    4 |       |            |           |       |
|     RAMB36E2 only |   15 |       |            |           |       |
|   RAMB18          |    1 |     0 |          0 |      2160 |  0.05 |
|     RAMB18E2 only |    1 |       |            |           |       |
| URAM              |    0 |     0 |          0 |        80 |  0.00 |
+-------------------+------+-------+------------+-----------+-------+
* Note: Each Block RAM Tile only has one FIFO logic available and therefore can accommodate only one FIFO36E2 or one FIFO18E2. However, if a FIFO18E2 occupies a Block RAM Tile, that tile can still accommodate a RAMB18E2


4. ARITHMETIC
-------------

+-----------+------+-------+------------+-----------+-------+
| Site Type | Used | Fixed | Prohibited | Available | Util% |
+-----------+------+-------+------------+-----------+-------+
| DSPs      |    0 |     0 |          0 |      4272 |  0.00 |
+-----------+------+-------+------------+-----------+-------+


5. I/O
------

+------------------+------+-------+------------+-----------+-------+
|     Site Type    | Used | Fixed | Prohibited | Available | Util% |
+------------------+------+-------+------------+-----------+-------+
| Bonded IOB       |    2 |     2 |          0 |       347 |  0.58 |
| HPIOB_M          |    1 |     1 |          0 |       138 |  0.72 |
|   INPUT          |    1 |       |            |           |       |
|   OUTPUT         |    0 |       |            |           |       |
|   BIDIR          |    0 |       |            |           |       |
| HPIOB_S          |    1 |     1 |          0 |       138 |  0.72 |
|   INPUT          |    1 |       |            |           |       |
|   OUTPUT         |    0 |       |            |           |       |
|   BIDIR          |    0 |       |            |           |       |
| HDIOB_M          |    0 |     0 |          0 |        24 |  0.00 |
| HDIOB_S          |    0 |     0 |          0 |        24 |  0.00 |
| HPIOB_SNGL       |    0 |     0 |          0 |        23 |  0.00 |
| HPIOBDIFFINBUF   |    1 |     1 |          0 |       192 |  0.52 |
|   DIFFINBUF      |    1 |     1 |            |           |       |
| HPIOBDIFFOUTBUF  |    0 |     0 |          0 |       192 |  0.00 |
| HDIOBDIFFINBUF   |    0 |     0 |          0 |        72 |  0.00 |
| BITSLICE_CONTROL |    0 |     0 |          0 |        64 |  0.00 |
| BITSLICE_RX_TX   |    0 |     0 |          0 |      2496 |  0.00 |
| BITSLICE_TX      |    0 |     0 |          0 |        64 |  0.00 |
| RIU_OR           |    0 |     0 |          0 |        32 |  0.00 |
| RF_ADC           |    0 |     0 |          4 |         4 |  0.00 |
| RF_DAC           |    0 |     0 |          4 |         4 |  0.00 |
+------------------+------+-------+------------+-----------+-------+


6. CLOCK
--------

+----------------------+------+-------+------------+-----------+-------+
|       Site Type      | Used | Fixed | Prohibited | Available | Util% |
+----------------------+------+-------+------------+-----------+-------+
| GLOBAL CLOCK BUFFERs |    5 |     0 |          0 |       696 |  0.72 |
|   BUFGCE             |    2 |     0 |          0 |       216 |  0.93 |
|   BUFGCE_DIV         |    0 |     0 |          0 |        32 |  0.00 |
|   BUFG_GT            |    2 |     0 |          0 |       312 |  0.64 |
|   BUFG_PS            |    1 |     0 |          0 |        72 |  1.39 |
|   BUFGCTRL*          |    0 |     0 |          0 |        64 |  0.00 |
| PLL                  |    0 |     0 |          0 |        16 |  0.00 |
| MMCM                 |    0 |     0 |          0 |         8 |  0.00 |
+----------------------+------+-------+------------+-----------+-------+
* Note: Each used BUFGCTRL counts as two GLOBAL CLOCK BUFFERs. This table does not include global clocking resources, only buffer cell usage. See the Clock Utilization Report (report_clock_utilization) for detailed accounting of global clocking resource availability.


7. ADVANCED
-----------

+-----------------+------+-------+------------+-----------+--------+
|    Site Type    | Used | Fixed | Prohibited | Available |  Util% |
+-----------------+------+-------+------------+-----------+--------+
| CMACE4          |    0 |     0 |          0 |         2 |   0.00 |
| FE              |    0 |     0 |          0 |         8 |   0.00 |
| GTYE4_CHANNEL   |    4 |     4 |          0 |        16 |  25.00 |
| GTYE4_COMMON    |    1 |     0 |          0 |         4 |  25.00 |
| ILKNE4          |    0 |     0 |          0 |         1 |   0.00 |
| OBUFDS_GTE4     |    0 |     0 |          0 |         8 |   0.00 |
| OBUFDS_GTE4_ADV |    0 |     0 |          0 |         8 |   0.00 |
| PCIE4CE4        |    0 |     0 |          0 |         2 |   0.00 |
| PS8             |    1 |     0 |          0 |         1 | 100.00 |
| RFADC           |    0 |     0 |          0 |         4 |   0.00 |
| RFDAC           |    0 |     0 |          0 |         4 |   0.00 |
| SYSMONE4        |    0 |     0 |          0 |         1 |   0.00 |
+-----------------+------+-------+------------+-----------+--------+


8. CONFIGURATION
----------------

+-------------+------+-------+------------+-----------+-------+
|  Site Type  | Used | Fixed | Prohibited | Available | Util% |
+-------------+------+-------+------------+-----------+-------+
| BSCANE2     |    1 |     0 |          0 |         4 | 25.00 |
| DNA_PORTE2  |    0 |     0 |          0 |         1 |  0.00 |
| EFUSE_USR   |    0 |     0 |          0 |         1 |  0.00 |
| FRAME_ECCE4 |    0 |     0 |          0 |         1 |  0.00 |
| ICAPE3      |    0 |     0 |          0 |         2 |  0.00 |
| MASTER_JTAG |    0 |     0 |          0 |         1 |  0.00 |
| STARTUPE3   |    0 |     0 |          0 |         1 |  0.00 |
+-------------+------+-------+------------+-----------+-------+


9. Primitives
-------------

+---------------+-------+---------------------+
|    Ref Name   |  Used | Functional Category |
+---------------+-------+---------------------+
| FDRE          | 15076 |            Register |
| LUT6          |  2321 |                 CLB |
| LUT2          |  1373 |                 CLB |
| LUT3          |  1182 |                 CLB |
| LUT5          |  1094 |                 CLB |
| LUT4          |   991 |                 CLB |
| SRL16E        |   925 |                 CLB |
| FDSE          |   424 |            Register |
| SRLC32E       |   422 |                 CLB |
| RAMD32        |   368 |                 CLB |
| FDCE          |   354 |            Register |
| LUT1          |   194 |                 CLB |
| FDPE          |   116 |            Register |
| CARRY8        |   109 |                 CLB |
| MUXF7         |    70 |                 CLB |
| RAMS32        |    52 |                 CLB |
| MUXF8         |    32 |                 CLB |
| RAMB36E2      |    15 |            BLOCKRAM |
| GTYE4_CHANNEL |     4 |            Advanced |
| FIFO36E2      |     4 |            BLOCKRAM |
| SRLC16E       |     2 |                 CLB |
| BUFG_GT_SYNC  |     2 |               Clock |
| BUFG_GT       |     2 |               Clock |
| BUFGCE        |     2 |               Clock |
| RAMB18E2      |     1 |            BLOCKRAM |
| PS8           |     1 |            Advanced |
| IBUFDS_GTE4   |     1 |                 I/O |
| IBUFCTRL      |     1 |              Others |
| GTYE4_COMMON  |     1 |            Advanced |
| DIFFINBUF     |     1 |                 I/O |
| BUFG_PS       |     1 |               Clock |
| BSCANE2       |     1 |       Configuration |
+---------------+-------+---------------------+


10. Black Boxes
---------------

+----------+------+
| Ref Name | Used |
+----------+------+


11. Instantiated Netlists
-------------------------

+------------------------------+------+
|           Ref Name           | Used |
+------------------------------+------+
| ila_0                        |    1 |
| design_1_zynq_ultra_ps_e_0_0 |    1 |
| design_1_xbar_0              |    1 |
| design_1_rst_ps8_0_96M_1     |    1 |
| design_1_axi_gpio_0_9        |    1 |
| design_1_axi_gpio_0_8        |    1 |
| design_1_axi_gpio_0_7        |    1 |
| design_1_axi_gpio_0_6        |    1 |
| design_1_axi_gpio_0_5        |    1 |
| design_1_axi_gpio_0_4        |    1 |
| design_1_axi_gpio_0_3        |    1 |
| design_1_axi_gpio_0_2        |    1 |
| design_1_axi_gpio_0_1        |    1 |
| design_1_axi_gpio_0_0        |    1 |
| design_1_auto_pc_0           |    1 |
| design_1_auto_ds_0           |    1 |
| dbg_hub                      |    1 |
| aurora_64b66b_0              |    1 |
+------------------------------+------+


