Copyright 1986-2022 Xilinx, Inc. All Rights Reserved.
-------------------------------------------------------------------------------------------------------------------------------------------------------------------------------------
| Tool Version     : Vivado v.2022.2 (win64) Build 3671981 Fri Oct 14 05:00:03 MDT 2022
| Date             : Tue Mar 17 03:09:10 2026
| Host             : LAPTOP-CH0R4GF2 running 64-bit major release  (build 9200)
| Command          : report_power -file top_ps_aurora_wrapper_power_routed.rpt -pb top_ps_aurora_wrapper_power_summary_routed.pb -rpx top_ps_aurora_wrapper_power_routed.rpx
| Design           : top_ps_aurora_wrapper
| Device           : xczu48dr-ffvg1517-2-e
| Design State     : routed
| Grade            : extended
| Process          : typical
| Characterization : Production
-------------------------------------------------------------------------------------------------------------------------------------------------------------------------------------

Power Report

Table of Contents
-----------------
1. Summary
1.1 On-Chip Components
1.2 Power Supply Summary
1.3 Confidence Level
2. Settings
2.1 Environment
2.2 Clock Constraints
3. Detailed Reports
3.1 By Hierarchy

1. Summary
----------

+--------------------------+--------------+
| Total On-Chip Power (W)  | 5.072        |
| Design Power Budget (W)  | Unspecified* |
| Power Budget Margin (W)  | NA           |
| Dynamic (W)              | 3.710        |
| Device Static (W)        | 1.361        |
| Effective TJA (C/W)      | 0.8          |
| Max Ambient (C)          | 95.7         |
| Junction Temperature (C) | 29.3         |
| Confidence Level         | Medium       |
| Setting File             | ---          |
| Simulation Activity File | ---          |
| Design Nets Matched      | NA           |
+--------------------------+--------------+
* Specify Design Power Budget using, set_operating_conditions -design_power_budget <value in Watts>


1.1 On-Chip Components
----------------------

+--------------------------+-----------+----------+-----------+-----------------+
| On-Chip                  | Power (W) | Used     | Available | Utilization (%) |
+--------------------------+-----------+----------+-----------+-----------------+
| Clocks                   |     0.074 |       14 |       --- |             --- |
| CLB Logic                |     0.015 |    26041 |       --- |             --- |
|   LUT as Logic           |     0.009 |     5612 |    425280 |            1.32 |
|   Register               |     0.002 |    15970 |    850560 |            1.88 |
|   LUT as Shift Register  |     0.002 |      745 |    213600 |            0.35 |
|   LUT as Distributed RAM |     0.002 |      212 |    213600 |            0.10 |
|   CARRY8                 |    <0.001 |      109 |     53160 |            0.21 |
|   Others                 |     0.000 |      936 |       --- |             --- |
|   F7/F8 Muxes            |     0.000 |      102 |    425280 |            0.02 |
| Signals                  |     0.018 |    21101 |       --- |             --- |
| Block RAM                |     0.026 |     19.5 |      1080 |            1.81 |
| I/O                      |     0.009 |        2 |       347 |            0.58 |
| GTY                      |     1.190 |        4 |        16 |           25.00 |
| PS8                      |     2.378 |        1 |       --- |             --- |
| Static Power             |     1.361 |          |           |                 |
|   PS Static              |     0.098 |          |           |                 |
|   PL Static              |     1.263 |          |           |                 |
| Total                    |     5.072 |          |           |                 |
+--------------------------+-----------+----------+-----------+-----------------+


1.2 Power Supply Summary
------------------------

+-----------------+-------------+-----------+-------------+------------+-------------+-------------+------------+
| Source          | Voltage (V) | Total (A) | Dynamic (A) | Static (A) | Powerup (A) | Budget (A)  | Margin (A) |
+-----------------+-------------+-----------+-------------+------------+-------------+-------------+------------+
| Vccint          |       0.850 |     0.642 |       0.328 |      0.314 |       NA    | Unspecified | NA         |
| Vccint_io       |       0.850 |     0.072 |       0.001 |      0.071 |       NA    | Unspecified | NA         |
| Vccbram         |       0.850 |     0.009 |       0.004 |      0.004 |       NA    | Unspecified | NA         |
| Vccaux          |       1.800 |     0.279 |       0.000 |      0.279 |       NA    | Unspecified | NA         |
| Vccaux_io       |       1.800 |     0.062 |       0.004 |      0.058 |       NA    | Unspecified | NA         |
| Vcco33          |       3.300 |     0.000 |       0.000 |      0.000 |       NA    | Unspecified | NA         |
| Vcco25          |       2.500 |     0.000 |       0.000 |      0.000 |       NA    | Unspecified | NA         |
| Vcco18          |       1.800 |     0.000 |       0.000 |      0.000 |       NA    | Unspecified | NA         |
| Vcco15          |       1.500 |     0.000 |       0.000 |      0.000 |       NA    | Unspecified | NA         |
| Vcco135         |       1.350 |     0.000 |       0.000 |      0.000 |       NA    | Unspecified | NA         |
| Vcco12          |       1.200 |     0.000 |       0.000 |      0.000 |       NA    | Unspecified | NA         |
| Vcco10          |       1.000 |     0.000 |       0.000 |      0.000 |       NA    | Unspecified | NA         |
| Vccadc          |       1.800 |     0.008 |       0.000 |      0.008 |       NA    | Unspecified | NA         |
| VCC_PSINTFP     |       0.850 |     0.510 |       0.476 |      0.034 |       NA    | Unspecified | NA         |
| VCC_PSINTLP     |       0.850 |     0.271 |       0.264 |      0.007 |       NA    | Unspecified | NA         |
| VPS_MGTRAVCC    |       0.850 |     0.135 |       0.134 |      0.001 |       NA    | Unspecified | NA         |
| VCC_PSINTFP_DDR |       0.850 |     0.821 |       0.816 |      0.004 |       NA    | Unspecified | NA         |
| VCC_PSPLL       |       1.200 |     0.073 |       0.071 |      0.002 |       NA    | Unspecified | NA         |
| VPS_MGTRAVTT    |       1.800 |     0.034 |       0.033 |      0.001 |       NA    | Unspecified | NA         |
| VCCO_PSDDR_504  |       1.200 |     0.677 |       0.643 |      0.034 |       NA    | Unspecified | NA         |
| VCC_PSAUX       |       1.800 |     0.002 |       0.000 |      0.002 |       NA    | Unspecified | NA         |
| VCC_PSBATT      |       1.200 |     0.000 |       0.000 |      0.000 |       NA    | Unspecified | NA         |
| VCC_PSDDR_PLL   |       1.800 |     0.001 |       0.000 |      0.001 |       NA    | Unspecified | NA         |
| VCCO_PSIO0_500  |       3.300 |     0.008 |       0.007 |      0.001 |       NA    | Unspecified | NA         |
| VCCO_PSIO1_501  |       1.800 |     0.001 |       0.000 |      0.001 |       NA    | Unspecified | NA         |
| VCCO_PSIO2_502  |       1.800 |     0.001 |       0.000 |      0.001 |       NA    | Unspecified | NA         |
| VCCO_PSIO3_503  |       1.800 |     0.001 |       0.000 |      0.001 |       NA    | Unspecified | NA         |
| VCC_PSADC       |       1.800 |     0.002 |       0.000 |      0.002 |       NA    | Unspecified | NA         |
| VCCINT_AMS      |       0.850 |     0.024 |       0.000 |      0.024 |       NA    | Unspecified | NA         |
| DACAVCC         |       0.925 |     0.011 |       0.000 |      0.011 |       NA    | Unspecified | NA         |
| DACAVCCAUX      |       1.800 |     0.001 |       0.000 |      0.001 |       NA    | Unspecified | NA         |
| DACAVTT         |       2.500 |     0.010 |       0.000 |      0.010 |       NA    | Unspecified | NA         |
| ADCAVCC         |       0.925 |     0.111 |       0.000 |      0.111 |       NA    | Unspecified | NA         |
| ADCAVCCAUX      |       1.800 |     0.027 |       0.000 |      0.027 |       NA    | Unspecified | NA         |
| VCCSDFEC        |       0.850 |     0.030 |       0.000 |      0.030 |       NA    | Unspecified | NA         |
| MGTYAVcc        |       0.900 |     0.305 |       0.255 |      0.050 |       NA    | Unspecified | NA         |
| MGTYAVtt        |       1.200 |     0.664 |       0.641 |      0.024 |       NA    | Unspecified | NA         |
| MGTYVccaux      |       1.800 |     0.026 |       0.023 |      0.003 |       NA    | Unspecified | NA         |
+-----------------+-------------+-----------+-------------+------------+-------------+-------------+------------+


1.3 Confidence Level
--------------------

+-----------------------------+------------+------------------------------------------------+------------------------------------------------------------------------------------------------------------+
| User Input Data             | Confidence | Details                                        | Action                                                                                                     |
+-----------------------------+------------+------------------------------------------------+------------------------------------------------------------------------------------------------------------+
| Design implementation state | High       | Design is routed                               |                                                                                                            |
| Clock nodes activity        | High       | User specified more than 95% of clocks         |                                                                                                            |
| I/O nodes activity          | High       | User specified more than 95% of inputs         |                                                                                                            |
| Internal nodes activity     | Medium     | User specified less than 25% of internal nodes | Provide missing internal nodes activity with simulation results or by editing the "By Resource Type" views |
| Device models               | High       | Device models are Production                   |                                                                                                            |
|                             |            |                                                |                                                                                                            |
| Overall confidence level    | Medium     |                                                |                                                                                                            |
+-----------------------------+------------+------------------------------------------------+------------------------------------------------------------------------------------------------------------+


2. Settings
-----------

2.1 Environment
---------------

+-----------------------+--------------------------+
| Ambient Temp (C)      | 25.0                     |
| ThetaJA (C/W)         | 0.8                      |
| Airflow (LFM)         | 250                      |
| Heat Sink             | medium (Medium Profile)  |
| ThetaSA (C/W)         | 1.2                      |
| Board Selection       | medium (10"x10")         |
| # of Board Layers     | 12to15 (12 to 15 Layers) |
| Board Temperature (C) | 25.0                     |
+-----------------------+--------------------------+


2.2 Clock Constraints
---------------------

+-----------------------------------------------------------------------------------------------------+----------------------------------------------------------------------------------------------------------------------------------------------------------------------------------------------------------------------------------------------------------------------------------------------------------------------------------------------------------+-----------------+
| Clock                                                                                               | Domain                                                                                                                                                                                                                                                                                                                                                   | Constraint (ns) |
+-----------------------------------------------------------------------------------------------------+----------------------------------------------------------------------------------------------------------------------------------------------------------------------------------------------------------------------------------------------------------------------------------------------------------------------------------------------------------+-----------------+
| GTYE4_CHANNEL_TXOUTCLKPCS[0]                                                                        | u_aurora_64b66b_0_exdes/aurora_64b66b_0_block_i/aurora_64b66b_0_i/inst/aurora_64b66b_0_wrapper_i/aurora_64b66b_0_multi_gt_i/aurora_64b66b_0_gt_i/inst/gen_gtwizard_gtye4_top.aurora_64b66b_0_gt_gtwizard_gtye4_inst/gen_gtwizard_gtye4.gen_channel_container[1].gen_enabled_channel.gtye4_channel_wrapper_inst/channel_inst/GTYE4_CHANNEL_TXOUTCLKPCS[0] |             6.2 |
| GTYE4_CHANNEL_TXOUTCLKPCS[1]                                                                        | u_aurora_64b66b_0_exdes/aurora_64b66b_0_block_i/aurora_64b66b_0_i/inst/aurora_64b66b_0_wrapper_i/aurora_64b66b_0_multi_gt_i/aurora_64b66b_0_gt_i/inst/gen_gtwizard_gtye4_top.aurora_64b66b_0_gt_gtwizard_gtye4_inst/gen_gtwizard_gtye4.gen_channel_container[1].gen_enabled_channel.gtye4_channel_wrapper_inst/channel_inst/GTYE4_CHANNEL_TXOUTCLKPCS[1] |             6.2 |
| GTYE4_CHANNEL_TXOUTCLKPCS[2]                                                                        | u_aurora_64b66b_0_exdes/aurora_64b66b_0_block_i/aurora_64b66b_0_i/inst/aurora_64b66b_0_wrapper_i/aurora_64b66b_0_multi_gt_i/aurora_64b66b_0_gt_i/inst/gen_gtwizard_gtye4_top.aurora_64b66b_0_gt_gtwizard_gtye4_inst/gen_gtwizard_gtye4.gen_channel_container[1].gen_enabled_channel.gtye4_channel_wrapper_inst/channel_inst/GTYE4_CHANNEL_TXOUTCLKPCS[2] |             6.2 |
| GTYE4_CHANNEL_TXOUTCLKPCS[3]                                                                        | u_aurora_64b66b_0_exdes/aurora_64b66b_0_block_i/aurora_64b66b_0_i/inst/aurora_64b66b_0_wrapper_i/aurora_64b66b_0_multi_gt_i/aurora_64b66b_0_gt_i/inst/gen_gtwizard_gtye4_top.aurora_64b66b_0_gt_gtwizard_gtye4_inst/gen_gtwizard_gtye4.gen_channel_container[1].gen_enabled_channel.gtye4_channel_wrapper_inst/channel_inst/GTYE4_CHANNEL_TXOUTCLKPCS[3] |             6.2 |
| clk_pl_0                                                                                            | u_design_1_wrapper/design_1_i/zynq_ultra_ps_e_0/inst/pl_clk_unbuffered[0]                                                                                                                                                                                                                                                                                |            10.0 |
| dbg_hub/inst/BSCANID.u_xsdbm_id/SWITCH_N_EXT_BSCAN.bscan_inst/SERIES7_BSCAN.bscan_inst/INTERNAL_TCK | dbg_hub/inst/BSCANID.u_xsdbm_id/SWITCH_N_EXT_BSCAN.bscan_inst/DRCK                                                                                                                                                                                                                                                                                       |            50.0 |
| gt_qpllclk_quad1_in                                                                                 | u_aurora_64b66b_0_exdes/aurora_64b66b_0_block_i/ultrascale_gt_common_1/aurora_64b66b_0_gt_gtye4_common_wrapper_i/common_inst/gt_qpllclk_quad1_in                                                                                                                                                                                                         |             0.2 |
| gt_qpllrefclk_quad1_in                                                                              | u_aurora_64b66b_0_exdes/aurora_64b66b_0_block_i/ultrascale_gt_common_1/aurora_64b66b_0_gt_gtye4_common_wrapper_i/common_inst/gt_qpllrefclk_quad1_in                                                                                                                                                                                                      |             6.4 |
| gt_refclk1_in                                                                                       | GTYQ0_P                                                                                                                                                                                                                                                                                                                                                  |             6.4 |
| init_clk_in                                                                                         | INIT_CLK_P                                                                                                                                                                                                                                                                                                                                               |             5.0 |
| rxoutclk_out[0]                                                                                     | u_aurora_64b66b_0_exdes/aurora_64b66b_0_block_i/aurora_64b66b_0_i/inst/aurora_64b66b_0_wrapper_i/aurora_64b66b_0_multi_gt_i/aurora_64b66b_0_gt_i/inst/gen_gtwizard_gtye4_top.aurora_64b66b_0_gt_gtwizard_gtye4_inst/gen_gtwizard_gtye4.gen_channel_container[1].gen_enabled_channel.gtye4_channel_wrapper_inst/channel_inst/rxoutclk_out[0]              |             6.2 |
| txoutclk_out[0]                                                                                     | u_aurora_64b66b_0_exdes/aurora_64b66b_0_block_i/aurora_64b66b_0_i/inst/aurora_64b66b_0_wrapper_i/aurora_64b66b_0_multi_gt_i/aurora_64b66b_0_gt_i/inst/gen_gtwizard_gtye4_top.aurora_64b66b_0_gt_gtwizard_gtye4_inst/gen_gtwizard_gtye4.gen_channel_container[1].gen_enabled_channel.gtye4_channel_wrapper_inst/channel_inst/txoutclk_out[0]              |             6.2 |
+-----------------------------------------------------------------------------------------------------+----------------------------------------------------------------------------------------------------------------------------------------------------------------------------------------------------------------------------------------------------------------------------------------------------------------------------------------------------------+-----------------+


3. Detailed Reports
-------------------

3.1 By Hierarchy
----------------

+--------------------------------------------+-----------+
| Name                                       | Power (W) |
+--------------------------------------------+-----------+
| top_ps_aurora_wrapper                      |     3.710 |
|   dbg_hub                                  |     0.003 |
|     inst                                   |     0.003 |
|       BSCANID.u_xsdbm_id                   |     0.003 |
|   u_aurora_64b66b_0_exdes                  |     1.304 |
|     IBUFDS_INIT_CLK                        |     0.003 |
|     aurora_64b66b_0_block_i                |     1.249 |
|       aurora_64b66b_0_i                    |     1.243 |
|     core_traffic.frame_check_i             |     0.003 |
|     u_ila                                  |     0.048 |
|       inst                                 |     0.048 |
|   u_design_1_wrapper                       |     2.394 |
|     design_1_i                             |     2.394 |
|       ps8_0_axi_periph                     |     0.010 |
|       zynq_ultra_ps_e_0                    |     2.379 |
|   u_ps_to_aurora_bridge                    |     0.008 |
|     u_ps_to_aurora_fifo                    |     0.007 |
|       gnuram_async_fifo.xpm_fifo_base_inst |     0.007 |
+--------------------------------------------+-----------+


